<?xml version="1.0" encoding="UTF-8"?>
<!-- Generated by org.testng.reporters.JUnitXMLReporter -->
<testsuite hostname="Kanchans-MacBook-Pro.local" ignored="0" name="RyanairAutomationSuite" tests="7" failures="0" timestamp="2020-06-18T23:30:06 IST" time="0.806" errors="0">
  <testcase name="@BeforeTest setUp" time="0.737" classname="com.ryanair.tests.HomePageTest">
    <failure type="java.lang.NullPointerException">
      <![CDATA[java.lang.NullPointerException
at com.ryanair.base.BaseClass.setDriverProperties(BaseClass.java:54)
at com.ryanair.base.BaseClass.openBrowser(BaseClass.java:45)
at com.ryanair.base.BaseClass.initialisation(BaseClass.java:38)
at com.ryanair.tests.HomePageTest.setUp(HomePageTest.java:20)
at com.intellij.rt.testng.IDEARemoteTestNG.run(IDEARemoteTestNG.java:66)
at com.intellij.rt.testng.RemoteTestNGStarter.main(RemoteTestNGStarter.java:110)
... Removed 21 stack frames]]>
    </failure>
  </testcase> <!-- @BeforeTest setUp -->
  <testcase name="@AfterTest tearDown" time="-1.592519401786E9" classname="com.ryanair.tests.HomePageTest">
    <skipped/>
  </testcase> <!-- @AfterTest tearDown -->
  <testcase name="validateHomePageIsLoaded" time="0.0" classname="com.ryanair.tests.HomePageTest">
    <skipped/>
  </testcase> <!-- validateHomePageIsLoaded -->
  <testcase name="validatePageTitle" time="0.0" classname="com.ryanair.tests.HomePageTest">
    <skipped/>
  </testcase> <!-- validatePageTitle -->
  <testcase name="searchFlights" time="0.0" classname="com.ryanair.tests.HomePageTest">
    <skipped/>
  </testcase> <!-- searchFlights -->
  <testcase name="navigateToFlights" time="0.0" classname="com.ryanair.tests.HomePageTest">
    <skipped/>
  </testcase> <!-- navigateToFlights -->
  <testcase name="validateFlightDetails" time="0.0" classname="com.ryanair.tests.HomePageTest">
    <skipped/>
  </testcase> <!-- validateFlightDetails -->
  <testcase name="selectRegularFlights" time="0.0" classname="com.ryanair.tests.HomePageTest">
    <skipped/>
  </testcase> <!-- selectRegularFlights -->
  <testcase name="validatePassengersSectionIsDisabled" time="0.0" classname="com.ryanair.tests.HomePageTest">
    <skipped/>
  </testcase> <!-- validatePassengersSectionIsDisabled -->
</testsuite> <!-- RyanairAutomationSuite -->
