<?xml version="1.0" encoding="UTF-8"?>
<!-- Generated by org.testng.reporters.JUnitXMLReporter -->
<testsuite hostname="Kanchans-MacBook-Pro.local" ignored="0" name="FlightsBooking" tests="3" failures="0" timestamp="2020-06-18T17:44:18 IST" time="0.068" errors="0">
  <testcase name="@BeforeTest setUp" time="0.018" classname="com.ryanair.tests.HomePageTest">
    <failure type="java.lang.NullPointerException">
      <![CDATA[java.lang.NullPointerException
at com.ryanair.base.BaseClass.openBrowser(BaseClass.java:29)
at com.ryanair.tests.HomePageTest.setUp(HomePageTest.java:22)
at com.intellij.rt.testng.IDEARemoteTestNG.run(IDEARemoteTestNG.java:66)
at com.intellij.rt.testng.RemoteTestNGStarter.main(RemoteTestNGStarter.java:110)
... Removed 21 stack frames]]>
    </failure>
  </testcase> <!-- @BeforeTest setUp -->
  <testcase name="validateHomePageIsLoaded" time="0.0" classname="com.ryanair.tests.HomePageTest">
    <skipped/>
  </testcase> <!-- validateHomePageIsLoaded -->
  <testcase name="validatePageTitle" time="0.0" classname="com.ryanair.tests.HomePageTest">
    <skipped/>
  </testcase> <!-- validatePageTitle -->
  <testcase name="searchFlights" time="0.0" classname="com.ryanair.tests.HomePageTest">
    <skipped/>
  </testcase> <!-- searchFlights -->
</testsuite> <!-- FlightsBooking -->
