<?xml version="1.0" encoding="UTF-8"?>
<testng-results skipped="0" failed="0" ignored="0" total="7" passed="7">
  <reporter-output>
  </reporter-output>
  <suite name="Default Suite" duration-ms="27677" started-at="2020-06-18T21:56:25 IST" finished-at="2020-06-18T21:56:53 IST">
    <groups>
    </groups>
    <test name="RyanairAutomationSuite" duration-ms="27677" started-at="2020-06-18T21:56:25 IST" finished-at="2020-06-18T21:56:53 IST">
      <class name="com.ryanair.tests.HomePageTest">
        <test-method status="PASS" signature="setUp()[pri:0, instance:com.ryanair.tests.HomePageTest@68c4039c]" name="setUp" is-config="true" duration-ms="9396" started-at="2020-06-18T21:56:25 IST" finished-at="2020-06-18T21:56:35 IST">
          <reporter-output>
          </reporter-output>
        </test-method> <!-- setUp -->
        <test-method status="PASS" signature="validateHomePageIsLoaded()[pri:1, instance:com.ryanair.tests.HomePageTest@68c4039c]" name="validateHomePageIsLoaded" duration-ms="44" started-at="2020-06-18T21:56:35 IST" finished-at="2020-06-18T21:56:35 IST">
          <reporter-output>
          </reporter-output>
        </test-method> <!-- validateHomePageIsLoaded -->
        <test-method status="PASS" signature="validatePageTitle()[pri:2, instance:com.ryanair.tests.HomePageTest@68c4039c]" name="validatePageTitle" duration-ms="49" started-at="2020-06-18T21:56:35 IST" finished-at="2020-06-18T21:56:35 IST">
          <reporter-output>
          </reporter-output>
        </test-method> <!-- validatePageTitle -->
        <test-method status="PASS" signature="searchFlights()[pri:3, instance:com.ryanair.tests.HomePageTest@68c4039c]" name="searchFlights" duration-ms="3967" started-at="2020-06-18T21:56:35 IST" finished-at="2020-06-18T21:56:39 IST">
          <reporter-output>
          </reporter-output>
        </test-method> <!-- searchFlights -->
        <test-method status="PASS" signature="navigateToFlights()[pri:4, instance:com.ryanair.tests.HomePageTest@68c4039c]" name="navigateToFlights" duration-ms="8245" started-at="2020-06-18T21:56:39 IST" finished-at="2020-06-18T21:56:47 IST">
          <reporter-output>
          </reporter-output>
        </test-method> <!-- navigateToFlights -->
        <test-method status="PASS" signature="validateFlightDetails()[pri:5, instance:com.ryanair.tests.HomePageTest@68c4039c]" name="validateFlightDetails" duration-ms="3300" started-at="2020-06-18T21:56:47 IST" finished-at="2020-06-18T21:56:50 IST">
          <reporter-output>
          </reporter-output>
        </test-method> <!-- validateFlightDetails -->
        <test-method status="PASS" signature="selectRegularFlights()[pri:6, instance:com.ryanair.tests.HomePageTest@68c4039c]" name="selectRegularFlights" duration-ms="2622" started-at="2020-06-18T21:56:50 IST" finished-at="2020-06-18T21:56:53 IST">
          <reporter-output>
          </reporter-output>
        </test-method> <!-- selectRegularFlights -->
        <test-method status="PASS" signature="validatePassengersSectionIsDisabled()[pri:7, instance:com.ryanair.tests.HomePageTest@68c4039c]" name="validatePassengersSectionIsDisabled" duration-ms="1" started-at="2020-06-18T21:56:53 IST" finished-at="2020-06-18T21:56:53 IST">
          <reporter-output>
          </reporter-output>
        </test-method> <!-- validatePassengersSectionIsDisabled -->
        <test-method status="PASS" signature="tearDown()[pri:0, instance:com.ryanair.tests.HomePageTest@68c4039c]" name="tearDown" is-config="true" duration-ms="1" started-at="2020-06-18T21:56:53 IST" finished-at="2020-06-18T21:56:53 IST">
          <reporter-output>
          </reporter-output>
        </test-method> <!-- tearDown -->
      </class> <!-- com.ryanair.tests.HomePageTest -->
    </test> <!-- RyanairAutomationSuite -->
  </suite> <!-- Default Suite -->
</testng-results>
